[29-May-2016 19:38:42 UTC] PHP Fatal error:  Call to a member function rowCount() on a non-object in /home/ubuntu/workspace/tmp/do_customer.php on line 22
[29-May-2016 19:38:42 UTC] PHP Stack trace:
[29-May-2016 19:38:42 UTC] PHP   1. {main}() /home/ubuntu/workspace/tmp/do_customer.php:0
[29-May-2016 19:39:17 UTC] PHP Fatal error:  Call to a member function rowCount() on a non-object in /home/ubuntu/workspace/tmp/do_customer.php on line 23
[29-May-2016 19:39:17 UTC] PHP Stack trace:
[29-May-2016 19:39:17 UTC] PHP   1. {main}() /home/ubuntu/workspace/tmp/do_customer.php:0
[29-May-2016 19:39:18 UTC] PHP Fatal error:  Call to a member function rowCount() on a non-object in /home/ubuntu/workspace/tmp/do_customer.php on line 23
[29-May-2016 19:39:18 UTC] PHP Stack trace:
[29-May-2016 19:39:18 UTC] PHP   1. {main}() /home/ubuntu/workspace/tmp/do_customer.php:0
[29-May-2016 19:39:22 UTC] PHP Fatal error:  Call to a member function rowCount() on a non-object in /home/ubuntu/workspace/tmp/do_customer.php on line 23
[29-May-2016 19:39:22 UTC] PHP Stack trace:
[29-May-2016 19:39:22 UTC] PHP   1. {main}() /home/ubuntu/workspace/tmp/do_customer.php:0
[29-May-2016 19:39:25 UTC] PHP Fatal error:  Call to a member function rowCount() on a non-object in /home/ubuntu/workspace/tmp/do_customer.php on line 23
[29-May-2016 19:39:25 UTC] PHP Stack trace:
[29-May-2016 19:39:25 UTC] PHP   1. {main}() /home/ubuntu/workspace/tmp/do_customer.php:0
[29-May-2016 19:43:39 UTC] PHP Fatal error:  Call to a member function rowCount() on a non-object in /home/ubuntu/workspace/tmp/do_customer.php on line 23
[29-May-2016 19:43:39 UTC] PHP Stack trace:
[29-May-2016 19:43:39 UTC] PHP   1. {main}() /home/ubuntu/workspace/tmp/do_customer.php:0
[29-May-2016 19:44:23 UTC] PHP Fatal error:  Call to a member function rowCount() on a non-object in /home/ubuntu/workspace/tmp/do_customer.php on line 23
[29-May-2016 19:44:23 UTC] PHP Stack trace:
[29-May-2016 19:44:23 UTC] PHP   1. {main}() /home/ubuntu/workspace/tmp/do_customer.php:0
[29-May-2016 19:44:40 UTC] PHP Fatal error:  Call to a member function rowCount() on a non-object in /home/ubuntu/workspace/tmp/do_customer.php on line 23
[29-May-2016 19:44:40 UTC] PHP Stack trace:
[29-May-2016 19:44:40 UTC] PHP   1. {main}() /home/ubuntu/workspace/tmp/do_customer.php:0
[29-May-2016 19:48:00 UTC] PHP Fatal error:  Call to a member function rowCount() on a non-object in /home/ubuntu/workspace/tmp/do_customer.php on line 24
[29-May-2016 19:48:00 UTC] PHP Stack trace:
[29-May-2016 19:48:00 UTC] PHP   1. {main}() /home/ubuntu/workspace/tmp/do_customer.php:0
[29-May-2016 19:48:22 UTC] PHP Fatal error:  Call to undefined method PDOStatement::query() in /home/ubuntu/workspace/tmp/do_customer.php on line 35
[29-May-2016 19:48:22 UTC] PHP Stack trace:
[29-May-2016 19:48:22 UTC] PHP   1. {main}() /home/ubuntu/workspace/tmp/do_customer.php:0
[29-May-2016 19:51:35 UTC] PHP Fatal error:  Call to a member function rowCount() on a non-object in /home/ubuntu/workspace/tmp/do_customer.php on line 26
[29-May-2016 19:51:35 UTC] PHP Stack trace:
[29-May-2016 19:51:35 UTC] PHP   1. {main}() /home/ubuntu/workspace/tmp/do_customer.php:0
[29-May-2016 19:52:30 UTC] PHP Fatal error:  Call to a member function rowCount() on a non-object in /home/ubuntu/workspace/tmp/do_customer.php on line 26
[29-May-2016 19:52:30 UTC] PHP Stack trace:
[29-May-2016 19:52:30 UTC] PHP   1. {main}() /home/ubuntu/workspace/tmp/do_customer.php:0
[29-May-2016 19:52:31 UTC] PHP Fatal error:  Call to a member function rowCount() on a non-object in /home/ubuntu/workspace/tmp/do_customer.php on line 26
[29-May-2016 19:52:31 UTC] PHP Stack trace:
[29-May-2016 19:52:31 UTC] PHP   1. {main}() /home/ubuntu/workspace/tmp/do_customer.php:0
[29-May-2016 19:52:45 UTC] PHP Fatal error:  Call to a member function rowCount() on a non-object in /home/ubuntu/workspace/tmp/do_customer.php on line 26
[29-May-2016 19:52:45 UTC] PHP Stack trace:
[29-May-2016 19:52:45 UTC] PHP   1. {main}() /home/ubuntu/workspace/tmp/do_customer.php:0
[29-May-2016 19:52:46 UTC] PHP Fatal error:  Call to a member function rowCount() on a non-object in /home/ubuntu/workspace/tmp/do_customer.php on line 26
[29-May-2016 19:52:46 UTC] PHP Stack trace:
[29-May-2016 19:52:46 UTC] PHP   1. {main}() /home/ubuntu/workspace/tmp/do_customer.php:0
[29-May-2016 19:55:57 UTC] PHP Fatal error:  Call to a member function rowCount() on a non-object in /home/ubuntu/workspace/tmp/do_customer.php on line 26
[29-May-2016 19:55:57 UTC] PHP Stack trace:
[29-May-2016 19:55:57 UTC] PHP   1. {main}() /home/ubuntu/workspace/tmp/do_customer.php:0
[29-May-2016 19:55:58 UTC] PHP Fatal error:  Call to a member function rowCount() on a non-object in /home/ubuntu/workspace/tmp/do_customer.php on line 26
[29-May-2016 19:55:58 UTC] PHP Stack trace:
[29-May-2016 19:55:58 UTC] PHP   1. {main}() /home/ubuntu/workspace/tmp/do_customer.php:0
[29-May-2016 19:56:11 UTC] PHP Fatal error:  Call to a member function rowCount() on a non-object in /home/ubuntu/workspace/tmp/do_customer.php on line 26
[29-May-2016 19:56:11 UTC] PHP Stack trace:
[29-May-2016 19:56:11 UTC] PHP   1. {main}() /home/ubuntu/workspace/tmp/do_customer.php:0
[29-May-2016 19:56:12 UTC] PHP Fatal error:  Call to a member function rowCount() on a non-object in /home/ubuntu/workspace/tmp/do_customer.php on line 26
[29-May-2016 19:56:12 UTC] PHP Stack trace:
[29-May-2016 19:56:12 UTC] PHP   1. {main}() /home/ubuntu/workspace/tmp/do_customer.php:0
[29-May-2016 19:56:55 UTC] PHP Fatal error:  Call to a member function rowCount() on a non-object in /home/ubuntu/workspace/tmp/do_customer.php on line 27
[29-May-2016 19:56:55 UTC] PHP Stack trace:
[29-May-2016 19:56:55 UTC] PHP   1. {main}() /home/ubuntu/workspace/tmp/do_customer.php:0
[29-May-2016 19:56:56 UTC] PHP Fatal error:  Call to a member function rowCount() on a non-object in /home/ubuntu/workspace/tmp/do_customer.php on line 27
[29-May-2016 19:56:56 UTC] PHP Stack trace:
[29-May-2016 19:56:56 UTC] PHP   1. {main}() /home/ubuntu/workspace/tmp/do_customer.php:0
[29-May-2016 19:57:16 UTC] PHP Fatal error:  Call to a member function rowCount() on a non-object in /home/ubuntu/workspace/tmp/do_customer.php on line 25
[29-May-2016 19:57:16 UTC] PHP Stack trace:
[29-May-2016 19:57:16 UTC] PHP   1. {main}() /home/ubuntu/workspace/tmp/do_customer.php:0
[29-May-2016 19:57:25 UTC] PHP Fatal error:  Call to a member function rowCount() on a non-object in /home/ubuntu/workspace/tmp/do_customer.php on line 25
[29-May-2016 19:57:25 UTC] PHP Stack trace:
[29-May-2016 19:57:25 UTC] PHP   1. {main}() /home/ubuntu/workspace/tmp/do_customer.php:0
[29-May-2016 19:57:50 UTC] PHP Fatal error:  Call to a member function rowCount() on a non-object in /home/ubuntu/workspace/tmp/do_customer.php on line 25
[29-May-2016 19:57:50 UTC] PHP Stack trace:
[29-May-2016 19:57:50 UTC] PHP   1. {main}() /home/ubuntu/workspace/tmp/do_customer.php:0
[29-May-2016 20:00:04 UTC] PHP Fatal error:  Call to a member function rowCount() on a non-object in /home/ubuntu/workspace/tmp/do_customer.php on line 26
[29-May-2016 20:00:04 UTC] PHP Stack trace:
[29-May-2016 20:00:04 UTC] PHP   1. {main}() /home/ubuntu/workspace/tmp/do_customer.php:0
[29-May-2016 20:00:05 UTC] PHP Fatal error:  Call to a member function rowCount() on a non-object in /home/ubuntu/workspace/tmp/do_customer.php on line 26
[29-May-2016 20:00:05 UTC] PHP Stack trace:
[29-May-2016 20:00:05 UTC] PHP   1. {main}() /home/ubuntu/workspace/tmp/do_customer.php:0
[29-May-2016 20:00:19 UTC] PHP Fatal error:  Call to a member function rowCount() on a non-object in /home/ubuntu/workspace/tmp/do_customer.php on line 26
[29-May-2016 20:00:19 UTC] PHP Stack trace:
[29-May-2016 20:00:19 UTC] PHP   1. {main}() /home/ubuntu/workspace/tmp/do_customer.php:0
[29-May-2016 20:00:21 UTC] PHP Fatal error:  Call to a member function rowCount() on a non-object in /home/ubuntu/workspace/tmp/do_customer.php on line 26
[29-May-2016 20:00:21 UTC] PHP Stack trace:
[29-May-2016 20:00:21 UTC] PHP   1. {main}() /home/ubuntu/workspace/tmp/do_customer.php:0
[29-May-2016 20:01:24 UTC] PHP Parse error:  syntax error, unexpected 'e' (T_STRING), expecting variable (T_VARIABLE) in /home/ubuntu/workspace/tmp/do_customer.php on line 34
[29-May-2016 20:02:29 UTC] PHP Fatal error:  Call to a member function rowCount() on a non-object in /home/ubuntu/workspace/tmp/do_customer.php on line 27
[29-May-2016 20:02:29 UTC] PHP Stack trace:
[29-May-2016 20:02:29 UTC] PHP   1. {main}() /home/ubuntu/workspace/tmp/do_customer.php:0
[29-May-2016 20:02:29 UTC] PHP Fatal error:  Call to a member function rowCount() on a non-object in /home/ubuntu/workspace/tmp/do_customer.php on line 27
[29-May-2016 20:02:29 UTC] PHP Stack trace:
[29-May-2016 20:02:29 UTC] PHP   1. {main}() /home/ubuntu/workspace/tmp/do_customer.php:0
[29-May-2016 20:04:36 UTC] PHP Fatal error:  Call to a member function rowCount() on a non-object in /home/ubuntu/workspace/tmp/do_customer.php on line 27
[29-May-2016 20:04:36 UTC] PHP Stack trace:
[29-May-2016 20:04:36 UTC] PHP   1. {main}() /home/ubuntu/workspace/tmp/do_customer.php:0
[29-May-2016 20:04:37 UTC] PHP Fatal error:  Call to a member function rowCount() on a non-object in /home/ubuntu/workspace/tmp/do_customer.php on line 27
[29-May-2016 20:04:37 UTC] PHP Stack trace:
[29-May-2016 20:04:37 UTC] PHP   1. {main}() /home/ubuntu/workspace/tmp/do_customer.php:0
[29-May-2016 20:05:57 UTC] PHP Fatal error:  Call to a member function rowCount() on a non-object in /home/ubuntu/workspace/tmp/do_customer.php on line 27
[29-May-2016 20:05:57 UTC] PHP Stack trace:
[29-May-2016 20:05:57 UTC] PHP   1. {main}() /home/ubuntu/workspace/tmp/do_customer.php:0
[29-May-2016 20:05:58 UTC] PHP Fatal error:  Call to a member function rowCount() on a non-object in /home/ubuntu/workspace/tmp/do_customer.php on line 27
[29-May-2016 20:05:58 UTC] PHP Stack trace:
[29-May-2016 20:05:58 UTC] PHP   1. {main}() /home/ubuntu/workspace/tmp/do_customer.php:0
[29-May-2016 20:09:57 UTC] PHP Fatal error:  Call to a member function rowCount() on a non-object in /home/ubuntu/workspace/tmp/do_customer.php on line 27
[29-May-2016 20:09:57 UTC] PHP Stack trace:
[29-May-2016 20:09:57 UTC] PHP   1. {main}() /home/ubuntu/workspace/tmp/do_customer.php:0
[29-May-2016 20:09:58 UTC] PHP Fatal error:  Call to a member function rowCount() on a non-object in /home/ubuntu/workspace/tmp/do_customer.php on line 27
[29-May-2016 20:09:58 UTC] PHP Stack trace:
[29-May-2016 20:09:58 UTC] PHP   1. {main}() /home/ubuntu/workspace/tmp/do_customer.php:0
[29-May-2016 20:12:33 UTC] PHP Fatal error:  Function name must be a string in /home/ubuntu/workspace/tmp/do_customer.php on line 46
[29-May-2016 20:12:33 UTC] PHP Stack trace:
[29-May-2016 20:12:33 UTC] PHP   1. {main}() /home/ubuntu/workspace/tmp/do_customer.php:0
[29-May-2016 20:13:30 UTC] PHP Fatal error:  Call to a member function rowCount() on a non-object in /home/ubuntu/workspace/tmp/do_customer.php on line 28
[29-May-2016 20:13:30 UTC] PHP Stack trace:
[29-May-2016 20:13:30 UTC] PHP   1. {main}() /home/ubuntu/workspace/tmp/do_customer.php:0
[29-May-2016 20:13:58 UTC] PHP Fatal error:  Function name must be a string in /home/ubuntu/workspace/tmp/do_customer.php on line 46
[29-May-2016 20:13:58 UTC] PHP Stack trace:
[29-May-2016 20:13:58 UTC] PHP   1. {main}() /home/ubuntu/workspace/tmp/do_customer.php:0
[29-May-2016 20:14:04 UTC] PHP Fatal error:  Function name must be a string in /home/ubuntu/workspace/tmp/do_customer.php on line 46
[29-May-2016 20:14:04 UTC] PHP Stack trace:
[29-May-2016 20:14:04 UTC] PHP   1. {main}() /home/ubuntu/workspace/tmp/do_customer.php:0
[29-May-2016 20:16:06 UTC] PHP Fatal error:  Call to a member function debugDumpParams() on a non-object in /home/ubuntu/workspace/tmp/do_customer.php on line 46
[29-May-2016 20:16:06 UTC] PHP Stack trace:
[29-May-2016 20:16:06 UTC] PHP   1. {main}() /home/ubuntu/workspace/tmp/do_customer.php:0
[29-May-2016 20:16:22 UTC] PHP Fatal error:  Call to a member function debugDumpParams() on a non-object in /home/ubuntu/workspace/tmp/do_customer.php on line 45
[29-May-2016 20:16:22 UTC] PHP Stack trace:
[29-May-2016 20:16:22 UTC] PHP   1. {main}() /home/ubuntu/workspace/tmp/do_customer.php:0
[29-May-2016 20:21:22 UTC] PHP Fatal error:  Call to a member function exec() on a non-object in /home/ubuntu/workspace/tmp/do_customer.php on line 44
[29-May-2016 20:21:22 UTC] PHP Stack trace:
[29-May-2016 20:21:22 UTC] PHP   1. {main}() /home/ubuntu/workspace/tmp/do_customer.php:0
[29-May-2016 20:21:58 UTC] PHP Fatal error:  Call to a member function exec() on a non-object in /home/ubuntu/workspace/tmp/do_customer.php on line 43
[29-May-2016 20:21:58 UTC] PHP Stack trace:
[29-May-2016 20:21:58 UTC] PHP   1. {main}() /home/ubuntu/workspace/tmp/do_customer.php:0
[29-May-2016 20:24:32 UTC] PHP Parse error:  syntax error, unexpected '$customer_id' (T_VARIABLE) in /home/ubuntu/workspace/tmp/do_customer.php on line 19
[29-May-2016 20:27:44 UTC] PHP Parse error:  syntax error, unexpected '$customer_id' (T_VARIABLE) in /home/ubuntu/workspace/tmp/do_customer.php on line 19
[29-May-2016 20:28:12 UTC] PHP Parse error:  syntax error, unexpected '$customer_id' (T_VARIABLE) in /home/ubuntu/workspace/tmp/do_customer.php on line 19
[29-May-2016 20:28:13 UTC] PHP Parse error:  syntax error, unexpected '$customer_id' (T_VARIABLE) in /home/ubuntu/workspace/tmp/do_customer.php on line 19
[29-May-2016 20:28:14 UTC] PHP Parse error:  syntax error, unexpected '$customer_id' (T_VARIABLE) in /home/ubuntu/workspace/tmp/do_customer.php on line 19
[29-May-2016 21:02:22 UTC] PHP Parse error:  syntax error, unexpected ')' in /home/ubuntu/workspace/tmp/do_customer.php on line 27
[29-May-2016 21:02:42 UTC] PHP Parse error:  syntax error, unexpected ')' in /home/ubuntu/workspace/tmp/do_customer.php on line 27
[29-May-2016 21:03:01 UTC] PHP Fatal error:  Call to a member function rowCount() on a non-object in /home/ubuntu/workspace/tmp/do_customer.php on line 30
[29-May-2016 21:03:01 UTC] PHP Stack trace:
[29-May-2016 21:03:01 UTC] PHP   1. {main}() /home/ubuntu/workspace/tmp/do_customer.php:0
[29-May-2016 21:03:36 UTC] PHP Fatal error:  Call to a member function rowCount() on a non-object in /home/ubuntu/workspace/tmp/do_customer.php on line 30
[29-May-2016 21:03:36 UTC] PHP Stack trace:
[29-May-2016 21:03:36 UTC] PHP   1. {main}() /home/ubuntu/workspace/tmp/do_customer.php:0
[29-May-2016 21:03:58 UTC] PHP Fatal error:  Call to a member function rowCount() on a non-object in /home/ubuntu/workspace/tmp/do_customer.php on line 30
[29-May-2016 21:03:58 UTC] PHP Stack trace:
[29-May-2016 21:03:58 UTC] PHP   1. {main}() /home/ubuntu/workspace/tmp/do_customer.php:0
[29-May-2016 21:05:07 UTC] PHP Fatal error:  Call to a member function fetchAll() on a non-object in /home/ubuntu/workspace/tmp/do_customer.php on line 29
[29-May-2016 21:05:07 UTC] PHP Stack trace:
[29-May-2016 21:05:07 UTC] PHP   1. {main}() /home/ubuntu/workspace/tmp/do_customer.php:0
[29-May-2016 21:05:14 UTC] PHP Fatal error:  Call to a member function fetchAll() on a non-object in /home/ubuntu/workspace/tmp/do_customer.php on line 29
[29-May-2016 21:05:14 UTC] PHP Stack trace:
[29-May-2016 21:05:14 UTC] PHP   1. {main}() /home/ubuntu/workspace/tmp/do_customer.php:0
[29-May-2016 21:05:21 UTC] PHP Fatal error:  Call to a member function fetchAll() on a non-object in /home/ubuntu/workspace/tmp/do_customer.php on line 29
[29-May-2016 21:05:21 UTC] PHP Stack trace:
[29-May-2016 21:05:21 UTC] PHP   1. {main}() /home/ubuntu/workspace/tmp/do_customer.php:0
[29-May-2016 21:05:37 UTC] PHP Fatal error:  Call to a member function fetchAll() on a non-object in /home/ubuntu/workspace/tmp/do_customer.php on line 29
[29-May-2016 21:05:37 UTC] PHP Stack trace:
[29-May-2016 21:05:37 UTC] PHP   1. {main}() /home/ubuntu/workspace/tmp/do_customer.php:0
[29-May-2016 21:05:57 UTC] PHP Fatal error:  Call to a member function fetchAll() on a non-object in /home/ubuntu/workspace/tmp/do_customer.php on line 29
[29-May-2016 21:05:57 UTC] PHP Stack trace:
[29-May-2016 21:05:57 UTC] PHP   1. {main}() /home/ubuntu/workspace/tmp/do_customer.php:0
[29-May-2016 21:06:13 UTC] PHP Fatal error:  Call to a member function fetchAll() on a non-object in /home/ubuntu/workspace/tmp/do_customer.php on line 29
[29-May-2016 21:06:13 UTC] PHP Stack trace:
[29-May-2016 21:06:13 UTC] PHP   1. {main}() /home/ubuntu/workspace/tmp/do_customer.php:0
[29-May-2016 21:06:20 UTC] PHP Fatal error:  Call to a member function fetchAll() on a non-object in /home/ubuntu/workspace/tmp/do_customer.php on line 29
[29-May-2016 21:06:20 UTC] PHP Stack trace:
[29-May-2016 21:06:20 UTC] PHP   1. {main}() /home/ubuntu/workspace/tmp/do_customer.php:0
[29-May-2016 21:13:55 UTC] PHP Parse error:  syntax error, unexpected '$result' (T_VARIABLE) in /home/ubuntu/workspace/tmp/do_customer.php on line 29
[30-May-2016 02:35:15 UTC] PHP Fatal error:  Call to a member function rowCount() on a non-object in /home/ubuntu/workspace/tmp/do_customer.php on line 16
[30-May-2016 02:35:15 UTC] PHP Stack trace:
[30-May-2016 02:35:15 UTC] PHP   1. {main}() /home/ubuntu/workspace/tmp/do_customer.php:0
[05-Jun-2016 16:26:46 UTC] PHP Parse error:  syntax error, unexpected ';' in /home/ubuntu/workspace/html/search.php on line 9
[05-Jun-2016 16:27:35 UTC] PHP Fatal error:  Call to undefined method PDOStatement::fetch_assoc() in /home/ubuntu/workspace/html/search.php on line 12
[05-Jun-2016 16:27:35 UTC] PHP Stack trace:
[05-Jun-2016 16:27:35 UTC] PHP   1. {main}() /home/ubuntu/workspace/html/search.php:0
[05-Jun-2016 16:28:20 UTC] PHP Parse error:  syntax error, unexpected 'as' (T_AS) in /home/ubuntu/workspace/html/search.php on line 12
[05-Jun-2016 16:30:15 UTC] PHP Warning:  mysql_query(): Access denied for user ''@'localhost' (using password: NO) in /home/ubuntu/workspace/html/search.php on line 8
[05-Jun-2016 16:30:15 UTC] PHP Stack trace:
[05-Jun-2016 16:30:15 UTC] PHP   1. {main}() /home/ubuntu/workspace/html/search.php:0
[05-Jun-2016 16:30:15 UTC] PHP   2. mysql_query() /home/ubuntu/workspace/html/search.php:8
[05-Jun-2016 16:30:15 UTC] PHP Warning:  mysql_query(): A link to the server could not be established in /home/ubuntu/workspace/html/search.php on line 8
[05-Jun-2016 16:30:15 UTC] PHP Stack trace:
[05-Jun-2016 16:30:15 UTC] PHP   1. {main}() /home/ubuntu/workspace/html/search.php:0
[05-Jun-2016 16:30:15 UTC] PHP   2. mysql_query() /home/ubuntu/workspace/html/search.php:8
[05-Jun-2016 16:30:15 UTC] PHP Warning:  mysql_query(): Access denied for user ''@'localhost' (using password: NO) in /home/ubuntu/workspace/html/search.php on line 9
[05-Jun-2016 16:30:15 UTC] PHP Stack trace:
[05-Jun-2016 16:30:15 UTC] PHP   1. {main}() /home/ubuntu/workspace/html/search.php:0
[05-Jun-2016 16:30:15 UTC] PHP   2. mysql_query() /home/ubuntu/workspace/html/search.php:9
[05-Jun-2016 16:30:15 UTC] PHP Warning:  mysql_query(): A link to the server could not be established in /home/ubuntu/workspace/html/search.php on line 9
[05-Jun-2016 16:30:15 UTC] PHP Stack trace:
[05-Jun-2016 16:30:15 UTC] PHP   1. {main}() /home/ubuntu/workspace/html/search.php:0
[05-Jun-2016 16:30:15 UTC] PHP   2. mysql_query() /home/ubuntu/workspace/html/search.php:9
[05-Jun-2016 16:30:15 UTC] PHP Warning:  mysql_query(): Access denied for user ''@'localhost' (using password: NO) in /home/ubuntu/workspace/html/search.php on line 10
[05-Jun-2016 16:30:15 UTC] PHP Stack trace:
[05-Jun-2016 16:30:15 UTC] PHP   1. {main}() /home/ubuntu/workspace/html/search.php:0
[05-Jun-2016 16:30:15 UTC] PHP   2. mysql_query() /home/ubuntu/workspace/html/search.php:10
[05-Jun-2016 16:30:15 UTC] PHP Warning:  mysql_query(): A link to the server could not be established in /home/ubuntu/workspace/html/search.php on line 10
[05-Jun-2016 16:30:15 UTC] PHP Stack trace:
[05-Jun-2016 16:30:15 UTC] PHP   1. {main}() /home/ubuntu/workspace/html/search.php:0
[05-Jun-2016 16:30:15 UTC] PHP   2. mysql_query() /home/ubuntu/workspace/html/search.php:10
[05-Jun-2016 16:30:15 UTC] PHP Warning:  mysql_query(): Access denied for user ''@'localhost' (using password: NO) in /home/ubuntu/workspace/html/search.php on line 11
[05-Jun-2016 16:30:15 UTC] PHP Stack trace:
[05-Jun-2016 16:30:15 UTC] PHP   1. {main}() /home/ubuntu/workspace/html/search.php:0
[05-Jun-2016 16:30:15 UTC] PHP   2. mysql_query() /home/ubuntu/workspace/html/search.php:11
[05-Jun-2016 16:30:15 UTC] PHP Warning:  mysql_query(): A link to the server could not be established in /home/ubuntu/workspace/html/search.php on line 11
[05-Jun-2016 16:30:15 UTC] PHP Stack trace:
[05-Jun-2016 16:30:15 UTC] PHP   1. {main}() /home/ubuntu/workspace/html/search.php:0
[05-Jun-2016 16:30:15 UTC] PHP   2. mysql_query() /home/ubuntu/workspace/html/search.php:11
[05-Jun-2016 16:30:15 UTC] PHP Warning:  mysql_query(): Access denied for user ''@'localhost' (using password: NO) in /home/ubuntu/workspace/html/search.php on line 12
[05-Jun-2016 16:30:15 UTC] PHP Stack trace:
[05-Jun-2016 16:30:15 UTC] PHP   1. {main}() /home/ubuntu/workspace/html/search.php:0
[05-Jun-2016 16:30:15 UTC] PHP   2. mysql_query() /home/ubuntu/workspace/html/search.php:12
[05-Jun-2016 16:30:15 UTC] PHP Warning:  mysql_query(): A link to the server could not be established in /home/ubuntu/workspace/html/search.php on line 12
[05-Jun-2016 16:30:15 UTC] PHP Stack trace:
[05-Jun-2016 16:30:15 UTC] PHP   1. {main}() /home/ubuntu/workspace/html/search.php:0
[05-Jun-2016 16:30:15 UTC] PHP   2. mysql_query() /home/ubuntu/workspace/html/search.php:12
[05-Jun-2016 16:30:31 UTC] PHP Warning:  mysql_query(): Access denied for user ''@'localhost' (using password: NO) in /home/ubuntu/workspace/html/search.php on line 12
[05-Jun-2016 16:30:31 UTC] PHP Stack trace:
[05-Jun-2016 16:30:31 UTC] PHP   1. {main}() /home/ubuntu/workspace/html/search.php:0
[05-Jun-2016 16:30:31 UTC] PHP   2. mysql_query() /home/ubuntu/workspace/html/search.php:12
[05-Jun-2016 16:30:31 UTC] PHP Warning:  mysql_query(): A link to the server could not be established in /home/ubuntu/workspace/html/search.php on line 12
[05-Jun-2016 16:30:31 UTC] PHP Stack trace:
[05-Jun-2016 16:30:31 UTC] PHP   1. {main}() /home/ubuntu/workspace/html/search.php:0
[05-Jun-2016 16:30:31 UTC] PHP   2. mysql_query() /home/ubuntu/workspace/html/search.php:12
[05-Jun-2016 16:30:31 UTC] PHP Warning:  mysql_query(): Access denied for user ''@'localhost' (using password: NO) in /home/ubuntu/workspace/html/search.php on line 13
[05-Jun-2016 16:30:31 UTC] PHP Stack trace:
[05-Jun-2016 16:30:31 UTC] PHP   1. {main}() /home/ubuntu/workspace/html/search.php:0
[05-Jun-2016 16:30:31 UTC] PHP   2. mysql_query() /home/ubuntu/workspace/html/search.php:13
[05-Jun-2016 16:30:31 UTC] PHP Warning:  mysql_query(): A link to the server could not be established in /home/ubuntu/workspace/html/search.php on line 13
[05-Jun-2016 16:30:31 UTC] PHP Stack trace:
[05-Jun-2016 16:30:31 UTC] PHP   1. {main}() /home/ubuntu/workspace/html/search.php:0
[05-Jun-2016 16:30:31 UTC] PHP   2. mysql_query() /home/ubuntu/workspace/html/search.php:13
[05-Jun-2016 16:30:31 UTC] PHP Warning:  mysql_query(): Access denied for user ''@'localhost' (using password: NO) in /home/ubuntu/workspace/html/search.php on line 14
[05-Jun-2016 16:30:31 UTC] PHP Stack trace:
[05-Jun-2016 16:30:31 UTC] PHP   1. {main}() /home/ubuntu/workspace/html/search.php:0
[05-Jun-2016 16:30:31 UTC] PHP   2. mysql_query() /home/ubuntu/workspace/html/search.php:14
[05-Jun-2016 16:30:31 UTC] PHP Warning:  mysql_query(): A link to the server could not be established in /home/ubuntu/workspace/html/search.php on line 14
[05-Jun-2016 16:30:31 UTC] PHP Stack trace:
[05-Jun-2016 16:30:31 UTC] PHP   1. {main}() /home/ubuntu/workspace/html/search.php:0
[05-Jun-2016 16:30:31 UTC] PHP   2. mysql_query() /home/ubuntu/workspace/html/search.php:14
[05-Jun-2016 16:30:31 UTC] PHP Warning:  mysql_query(): Access denied for user ''@'localhost' (using password: NO) in /home/ubuntu/workspace/html/search.php on line 15
[05-Jun-2016 16:30:31 UTC] PHP Stack trace:
[05-Jun-2016 16:30:31 UTC] PHP   1. {main}() /home/ubuntu/workspace/html/search.php:0
[05-Jun-2016 16:30:31 UTC] PHP   2. mysql_query() /home/ubuntu/workspace/html/search.php:15
[05-Jun-2016 16:30:31 UTC] PHP Warning:  mysql_query(): A link to the server could not be established in /home/ubuntu/workspace/html/search.php on line 15
[05-Jun-2016 16:30:31 UTC] PHP Stack trace:
[05-Jun-2016 16:30:31 UTC] PHP   1. {main}() /home/ubuntu/workspace/html/search.php:0
[05-Jun-2016 16:30:31 UTC] PHP   2. mysql_query() /home/ubuntu/workspace/html/search.php:15
[05-Jun-2016 16:30:31 UTC] PHP Warning:  mysql_query(): Access denied for user ''@'localhost' (using password: NO) in /home/ubuntu/workspace/html/search.php on line 16
[05-Jun-2016 16:30:31 UTC] PHP Stack trace:
[05-Jun-2016 16:30:31 UTC] PHP   1. {main}() /home/ubuntu/workspace/html/search.php:0
[05-Jun-2016 16:30:31 UTC] PHP   2. mysql_query() /home/ubuntu/workspace/html/search.php:16
[05-Jun-2016 16:30:31 UTC] PHP Warning:  mysql_query(): A link to the server could not be established in /home/ubuntu/workspace/html/search.php on line 16
[05-Jun-2016 16:30:31 UTC] PHP Stack trace:
[05-Jun-2016 16:30:31 UTC] PHP   1. {main}() /home/ubuntu/workspace/html/search.php:0
[05-Jun-2016 16:30:31 UTC] PHP   2. mysql_query() /home/ubuntu/workspace/html/search.php:16
[05-Jun-2016 16:30:31 UTC] PHP Warning:  mysql_query(): Access denied for user ''@'localhost' (using password: NO) in /home/ubuntu/workspace/html/search.php on line 12
[05-Jun-2016 16:30:31 UTC] PHP Stack trace:
[05-Jun-2016 16:30:31 UTC] PHP   1. {main}() /home/ubuntu/workspace/html/search.php:0
[05-Jun-2016 16:30:31 UTC] PHP   2. mysql_query() /home/ubuntu/workspace/html/search.php:12
[05-Jun-2016 16:30:31 UTC] PHP Warning:  mysql_query(): A link to the server could not be established in /home/ubuntu/workspace/html/search.php on line 12
[05-Jun-2016 16:30:31 UTC] PHP Stack trace:
[05-Jun-2016 16:30:31 UTC] PHP   1. {main}() /home/ubuntu/workspace/html/search.php:0
[05-Jun-2016 16:30:31 UTC] PHP   2. mysql_query() /home/ubuntu/workspace/html/search.php:12
[05-Jun-2016 16:30:31 UTC] PHP Warning:  mysql_query(): Access denied for user ''@'localhost' (using password: NO) in /home/ubuntu/workspace/html/search.php on line 13
[05-Jun-2016 16:30:31 UTC] PHP Stack trace:
[05-Jun-2016 16:30:31 UTC] PHP   1. {main}() /home/ubuntu/workspace/html/search.php:0
[05-Jun-2016 16:30:31 UTC] PHP   2. mysql_query() /home/ubuntu/workspace/html/search.php:13
[05-Jun-2016 16:30:31 UTC] PHP Warning:  mysql_query(): A link to the server could not be established in /home/ubuntu/workspace/html/search.php on line 13
[05-Jun-2016 16:30:31 UTC] PHP Stack trace:
[05-Jun-2016 16:30:31 UTC] PHP   1. {main}() /home/ubuntu/workspace/html/search.php:0
[05-Jun-2016 16:30:31 UTC] PHP   2. mysql_query() /home/ubuntu/workspace/html/search.php:13
[05-Jun-2016 16:30:31 UTC] PHP Warning:  mysql_query(): Access denied for user ''@'localhost' (using password: NO) in /home/ubuntu/workspace/html/search.php on line 14
[05-Jun-2016 16:30:31 UTC] PHP Stack trace:
[05-Jun-2016 16:30:31 UTC] PHP   1. {main}() /home/ubuntu/workspace/html/search.php:0
[05-Jun-2016 16:30:31 UTC] PHP   2. mysql_query() /home/ubuntu/workspace/html/search.php:14
[05-Jun-2016 16:30:31 UTC] PHP Warning:  mysql_query(): A link to the server could not be established in /home/ubuntu/workspace/html/search.php on line 14
[05-Jun-2016 16:30:31 UTC] PHP Stack trace:
[05-Jun-2016 16:30:31 UTC] PHP   1. {main}() /home/ubuntu/workspace/html/search.php:0
[05-Jun-2016 16:30:31 UTC] PHP   2. mysql_query() /home/ubuntu/workspace/html/search.php:14
[05-Jun-2016 16:30:31 UTC] PHP Warning:  mysql_query(): Access denied for user ''@'localhost' (using password: NO) in /home/ubuntu/workspace/html/search.php on line 15
[05-Jun-2016 16:30:31 UTC] PHP Stack trace:
[05-Jun-2016 16:30:31 UTC] PHP   1. {main}() /home/ubuntu/workspace/html/search.php:0
[05-Jun-2016 16:30:31 UTC] PHP   2. mysql_query() /home/ubuntu/workspace/html/search.php:15
[05-Jun-2016 16:30:31 UTC] PHP Warning:  mysql_query(): A link to the server could not be established in /home/ubuntu/workspace/html/search.php on line 15
[05-Jun-2016 16:30:31 UTC] PHP Stack trace:
[05-Jun-2016 16:30:31 UTC] PHP   1. {main}() /home/ubuntu/workspace/html/search.php:0
[05-Jun-2016 16:30:31 UTC] PHP   2. mysql_query() /home/ubuntu/workspace/html/search.php:15
[05-Jun-2016 16:30:31 UTC] PHP Warning:  mysql_query(): Access denied for user ''@'localhost' (using password: NO) in /home/ubuntu/workspace/html/search.php on line 16
[05-Jun-2016 16:30:31 UTC] PHP Stack trace:
[05-Jun-2016 16:30:31 UTC] PHP   1. {main}() /home/ubuntu/workspace/html/search.php:0
[05-Jun-2016 16:30:31 UTC] PHP   2. mysql_query() /home/ubuntu/workspace/html/search.php:16
[05-Jun-2016 16:30:31 UTC] PHP Warning:  mysql_query(): A link to the server could not be established in /home/ubuntu/workspace/html/search.php on line 16
[05-Jun-2016 16:30:31 UTC] PHP Stack trace:
[05-Jun-2016 16:30:31 UTC] PHP   1. {main}() /home/ubuntu/workspace/html/search.php:0
[05-Jun-2016 16:30:31 UTC] PHP   2. mysql_query() /home/ubuntu/workspace/html/search.php:16
[05-Jun-2016 16:30:42 UTC] PHP Warning:  mysql_query(): Access denied for user ''@'localhost' (using password: NO) in /home/ubuntu/workspace/html/search.php on line 12
[05-Jun-2016 16:30:42 UTC] PHP Stack trace:
[05-Jun-2016 16:30:42 UTC] PHP   1. {main}() /home/ubuntu/workspace/html/search.php:0
[05-Jun-2016 16:30:42 UTC] PHP   2. mysql_query() /home/ubuntu/workspace/html/search.php:12
[05-Jun-2016 16:30:42 UTC] PHP Warning:  mysql_query(): A link to the server could not be established in /home/ubuntu/workspace/html/search.php on line 12
[05-Jun-2016 16:30:42 UTC] PHP Stack trace:
[05-Jun-2016 16:30:42 UTC] PHP   1. {main}() /home/ubuntu/workspace/html/search.php:0
[05-Jun-2016 16:30:42 UTC] PHP   2. mysql_query() /home/ubuntu/workspace/html/search.php:12
[05-Jun-2016 16:42:15 UTC] PHP Parse error:  syntax error, unexpected ':', expecting ']' in /home/ubuntu/workspace/html/search.php on line 20
[05-Jun-2016 16:42:42 UTC] PHP Parse error:  syntax error, unexpected ':', expecting ']' in /home/ubuntu/workspace/html/search.php on line 20
[05-Jun-2016 16:42:43 UTC] PHP Parse error:  syntax error, unexpected ':', expecting ']' in /home/ubuntu/workspace/html/search.php on line 20
[05-Jun-2016 16:43:04 UTC] PHP Parse error:  syntax error, unexpected '=>' (T_DOUBLE_ARROW) in /home/ubuntu/workspace/html/search.php on line 20
